frontend/android/app/build/intermediates/manifest_merge_blame_file/debug/processDebugMainManifest/manifest-merger-blame-debug-report.txt
1<?xml version="1.0" encoding="utf-8"?>
2<manifest xmlns:android="http://schemas.android.com/apk/res/android"
3    package="com.bleindoorlocalization"
4    android:versionCode="1"
5    android:versionName="1.0" >
6
7    <uses-sdk
8        android:minSdkVersion="24"
9        android:targetSdkVersion="34" />
10
11    <uses-permission android:name="android.permission.INTERNET" />
11-->src\main\AndroidManifest.xml:3:5-67
11-->src\main\AndroidManifest.xml:3:22-64
12    <!--
13    This manifest file is used only by Gradle to configure debug-only capabilities
14    for React Native Apps.
15    -->
16    <uses-permission android:name="android.permission.SYSTEM_ALERT_WINDOW" />
16-->[com.facebook.react:react-android:0.76.9] AndroidManifest.xml:16:5-78
16-->[com.facebook.react:react-android:0.76.9] AndroidManifest.xml:16:22-75
17
18    <permission
18-->[androidx.core:core:1.9.0] AndroidManifest.xml:22:5-24:47
19        android:name="com.bleindoorlocalization.DYNAMIC_RECEIVER_NOT_EXPORTED_PERMISSION"
19-->[androidx.core:core:1.9.0] AndroidManifest.xml:23:9-81
20        android:protectionLevel="signature" />
20-->[androidx.core:core:1.9.0] AndroidManifest.xml:24:9-44
21
22    <uses-permission android:name="com.bleindoorlocalization.DYNAMIC_RECEIVER_NOT_EXPORTED_PERMISSION" /> <!-- required for API 18 - 30 -->
22-->[androidx.core:core:1.9.0] AndroidManifest.xml:26:5-97
22-->[androidx.core:core:1.9.0] AndroidManifest.xml:26:22-94
23    <uses-permission
23-->[com.polidea.rxandroidble2:rxandroidble:1.17.2] AndroidManifest.xml:10:5-12:38
24        android:name="android.permission.BLUETOOTH"
24-->[com.polidea.rxandroidble2:rxandroidble:1.17.2] AndroidManifest.xml:11:9-52
25        android:maxSdkVersion="30" />
25-->[com.polidea.rxandroidble2:rxandroidble:1.17.2] AndroidManifest.xml:12:9-35
26    <uses-permission
26-->[com.polidea.rxandroidble2:rxandroidble:1.17.2] AndroidManifest.xml:13:5-15:38
27        android:name="android.permission.BLUETOOTH_ADMIN"
27-->[com.polidea.rxandroidble2:rxandroidble:1.17.2] AndroidManifest.xml:14:9-58
28        android:maxSdkVersion="30" /> <!-- required for API 23 - 30, no android:maxSdkVersion because of a potential breaking change -->
28-->[com.polidea.rxandroidble2:rxandroidble:1.17.2] AndroidManifest.xml:15:9-35
29    <!-- TODO: add android:maxSdkVersion on 2.0.0 -->
30    <uses-permission-sdk-23 android:name="android.permission.ACCESS_COARSE_LOCATION" />
30-->[com.polidea.rxandroidble2:rxandroidble:1.17.2] AndroidManifest.xml:18:5-88
30-->[com.polidea.rxandroidble2:rxandroidble:1.17.2] AndroidManifest.xml:18:29-85
31    <uses-permission-sdk-23 android:name="android.permission.ACCESS_FINE_LOCATION" /> <!-- API 31+ -->
31-->[com.polidea.rxandroidble2:rxandroidble:1.17.2] AndroidManifest.xml:19:5-86
31-->[com.polidea.rxandroidble2:rxandroidble:1.17.2] AndroidManifest.xml:19:29-83
32    <uses-permission android:name="android.permission.BLUETOOTH_CONNECT" />
32-->[com.polidea.rxandroidble2:rxandroidble:1.17.2] AndroidManifest.xml:21:5-76
32-->[com.polidea.rxandroidble2:rxandroidble:1.17.2] AndroidManifest.xml:21:22-73
33    <uses-permission
33-->[com.polidea.rxandroidble2:rxandroidble:1.17.2] AndroidManifest.xml:22:5-25:31
34        android:name="android.permission.BLUETOOTH_SCAN"
34-->[com.polidea.rxandroidble2:rxandroidble:1.17.2] AndroidManifest.xml:23:9-57
35        android:usesPermissionFlags="neverForLocation" />
35-->[com.polidea.rxandroidble2:rxandroidble:1.17.2] AndroidManifest.xml:24:9-55
36
37    <application
37-->src\main\AndroidManifest.xml:5:5-25:19
38        android:name="com.bleindoorlocalization.MainApplication"
38-->src\main\AndroidManifest.xml:6:7-38
39        android:allowBackup="false"
39-->src\main\AndroidManifest.xml:10:7-34
40        android:appComponentFactory="androidx.core.app.CoreComponentFactory"
40-->[androidx.core:core:1.9.0] AndroidManifest.xml:28:18-86
41        android:debuggable="true"
42        android:extractNativeLibs="false"
43        android:icon="@mipmap/ic_launcher"
43-->src\main\AndroidManifest.xml:8:7-41
44        android:label="@string/app_name"
44-->src\main\AndroidManifest.xml:7:7-39
45        android:roundIcon="@mipmap/ic_launcher_round"
45-->src\main\AndroidManifest.xml:9:7-52
46        android:supportsRtl="true"
46-->src\main\AndroidManifest.xml:12:7-33
47        android:theme="@style/AppTheme"
47-->src\main\AndroidManifest.xml:11:7-38
48        android:usesCleartextTraffic="true" >
48-->src\debug\AndroidManifest.xml:6:9-44
49        <activity
49-->src\main\AndroidManifest.xml:13:7-24:18
50            android:name="com.bleindoorlocalization.MainActivity"
50-->src\main\AndroidManifest.xml:14:9-37
51            android:configChanges="keyboard|keyboardHidden|orientation|screenLayout|screenSize|smallestScreenSize|uiMode"
51-->src\main\AndroidManifest.xml:16:9-118
52            android:exported="true"
52-->src\main\AndroidManifest.xml:19:9-32
53            android:label="@string/app_name"
53-->src\main\AndroidManifest.xml:15:9-41
54            android:launchMode="singleTask"
54-->src\main\AndroidManifest.xml:17:9-40
55            android:windowSoftInputMode="adjustResize" >
55-->src\main\AndroidManifest.xml:18:9-51
56            <intent-filter>
56-->src\main\AndroidManifest.xml:20:9-23:25
57                <action android:name="android.intent.action.MAIN" />
57-->src\main\AndroidManifest.xml:21:13-65
57-->src\main\AndroidManifest.xml:21:21-62
58
59                <category android:name="android.intent.category.LAUNCHER" />
59-->src\main\AndroidManifest.xml:22:13-73
59-->src\main\AndroidManifest.xml:22:23-70
60            </intent-filter>
61        </activity>
62        <activity
62-->[com.facebook.react:react-android:0.76.9] AndroidManifest.xml:19:9-21:40
63            android:name="com.facebook.react.devsupport.DevSettingsActivity"
63-->[com.facebook.react:react-android:0.76.9] AndroidManifest.xml:20:13-77
64            android:exported="false" />
64-->[com.facebook.react:react-android:0.76.9] AndroidManifest.xml:21:13-37
65
66        <provider
66-->[androidx.emoji2:emoji2:1.2.0] AndroidManifest.xml:24:9-32:20
67            android:name="androidx.startup.InitializationProvider"
67-->[androidx.emoji2:emoji2:1.2.0] AndroidManifest.xml:25:13-67
68            android:authorities="com.bleindoorlocalization.androidx-startup"
68-->[androidx.emoji2:emoji2:1.2.0] AndroidManifest.xml:26:13-68
69            android:exported="false" >
69-->[androidx.emoji2:emoji2:1.2.0] AndroidManifest.xml:27:13-37
70            <meta-data
70-->[androidx.emoji2:emoji2:1.2.0] AndroidManifest.xml:29:13-31:52
71                android:name="androidx.emoji2.text.EmojiCompatInitializer"
71-->[androidx.emoji2:emoji2:1.2.0] AndroidManifest.xml:30:17-75
72                android:value="androidx.startup" />
72-->[androidx.emoji2:emoji2:1.2.0] AndroidManifest.xml:31:17-49
73            <meta-data
73-->[androidx.lifecycle:lifecycle-process:2.6.1] AndroidManifest.xml:29:13-31:52
74                android:name="androidx.lifecycle.ProcessLifecycleInitializer"
74-->[androidx.lifecycle:lifecycle-process:2.6.1] AndroidManifest.xml:30:17-78
75                android:value="androidx.startup" />
75-->[androidx.lifecycle:lifecycle-process:2.6.1] AndroidManifest.xml:31:17-49
76            <meta-data
76-->[androidx.profileinstaller:profileinstaller:1.3.0] AndroidManifest.xml:29:13-31:52
77                android:name="androidx.profileinstaller.ProfileInstallerInitializer"
77-->[androidx.profileinstaller:profileinstaller:1.3.0] AndroidManifest.xml:30:17-85
78                android:value="androidx.startup" />
78-->[androidx.profileinstaller:profileinstaller:1.3.0] AndroidManifest.xml:31:17-49
79        </provider>
80
81        <receiver
81-->[androidx.profileinstaller:profileinstaller:1.3.0] AndroidManifest.xml:34:9-52:20
82            android:name="androidx.profileinstaller.ProfileInstallReceiver"
82-->[androidx.profileinstaller:profileinstaller:1.3.0] AndroidManifest.xml:35:13-76
83            android:directBootAware="false"
83-->[androidx.profileinstaller:profileinstaller:1.3.0] AndroidManifest.xml:36:13-44
84            android:enabled="true"
84-->[androidx.profileinstaller:profileinstaller:1.3.0] AndroidManifest.xml:37:13-35
85            android:exported="true"
85-->[androidx.profileinstaller:profileinstaller:1.3.0] AndroidManifest.xml:38:13-36
86            android:permission="android.permission.DUMP" >
86-->[androidx.profileinstaller:profileinstaller:1.3.0] AndroidManifest.xml:39:13-57
87            <intent-filter>
87-->[androidx.profileinstaller:profileinstaller:1.3.0] AndroidManifest.xml:40:13-42:29
88                <action android:name="androidx.profileinstaller.action.INSTALL_PROFILE" />
88-->[androidx.profileinstaller:profileinstaller:1.3.0] AndroidManifest.xml:41:17-91
88-->[androidx.profileinstaller:profileinstaller:1.3.0] AndroidManifest.xml:41:25-88
89            </intent-filter>
90            <intent-filter>
90-->[androidx.profileinstaller:profileinstaller:1.3.0] AndroidManifest.xml:43:13-45:29
91                <action android:name="androidx.profileinstaller.action.SKIP_FILE" />
91-->[androidx.profileinstaller:profileinstaller:1.3.0] AndroidManifest.xml:44:17-85
91-->[androidx.profileinstaller:profileinstaller:1.3.0] AndroidManifest.xml:44:25-82
92            </intent-filter>
93            <intent-filter>
93-->[androidx.profileinstaller:profileinstaller:1.3.0] AndroidManifest.xml:46:13-48:29
94                <action android:name="androidx.profileinstaller.action.SAVE_PROFILE" />
94-->[androidx.profileinstaller:profileinstaller:1.3.0] AndroidManifest.xml:47:17-88
94-->[androidx.profileinstaller:profileinstaller:1.3.0] AndroidManifest.xml:47:25-85
95            </intent-filter>
96            <intent-filter>
96-->[androidx.profileinstaller:profileinstaller:1.3.0] AndroidManifest.xml:49:13-51:29
97                <action android:name="androidx.profileinstaller.action.BENCHMARK_OPERATION" />
97-->[androidx.profileinstaller:profileinstaller:1.3.0] AndroidManifest.xml:50:17-95
97-->[androidx.profileinstaller:profileinstaller:1.3.0] AndroidManifest.xml:50:25-92
98            </intent-filter>
99        </receiver>
100
101        <meta-data
101-->[com.facebook.soloader:soloader:0.12.1] AndroidManifest.xml:12:9-14:37
102            android:name="com.facebook.soloader.enabled"
102-->[com.facebook.soloader:soloader:0.12.1] AndroidManifest.xml:13:13-57
103            android:value="false" />
103-->[com.facebook.soloader:soloader:0.12.1] AndroidManifest.xml:14:13-34
104    </application>
105
106</manifest>